{"/Users/mobinni/Documents/projects/react-native-starter/jest-setup.js": {"path":"/Users/mobinni/Documents/projects/react-native-starter/jest-setup.js","statementMap":{"0":{"start":{"line":1,"column":0},"end":{"line":7,"column":4}},"1":{"start":{"line":1,"column":28},"end":{"line":7,"column":1}},"2":{"start":{"line":9,"column":0},"end":{"line":9,"column":67}},"3":{"start":{"line":9,"column":38},"end":{"line":9,"column":65}},"4":{"start":{"line":11,"column":0},"end":{"line":14,"column":4}},"5":{"start":{"line":11,"column":51},"end":{"line":14,"column":1}},"6":{"start":{"line":13,"column":48},"end":{"line":13,"column":62}},"7":{"start":{"line":16,"column":0},"end":{"line":19,"column":4}},"8":{"start":{"line":16,"column":51},"end":{"line":19,"column":1}},"9":{"start":{"line":18,"column":48},"end":{"line":18,"column":62}},"10":{"start":{"line":21,"column":0},"end":{"line":21,"column":40}},"11":{"start":{"line":21,"column":25},"end":{"line":21,"column":38}}},"fnMap":{"0":{"name":"(anonymous_0)","decl":{"start":{"line":1,"column":21},"end":{"line":1,"column":22}},"loc":{"start":{"line":1,"column":28},"end":{"line":7,"column":1}},"line":1},"1":{"name":"(anonymous_1)","decl":{"start":{"line":9,"column":32},"end":{"line":9,"column":33}},"loc":{"start":{"line":9,"column":38},"end":{"line":9,"column":65}},"line":9},"2":{"name":"(anonymous_2)","decl":{"start":{"line":11,"column":44},"end":{"line":11,"column":45}},"loc":{"start":{"line":11,"column":51},"end":{"line":14,"column":1}},"line":11},"3":{"name":"(anonymous_3)","decl":{"start":{"line":12,"column":13},"end":{"line":12,"column":14}},"loc":{"start":{"line":12,"column":19},"end":{"line":12,"column":21}},"line":12},"4":{"name":"(anonymous_4)","decl":{"start":{"line":13,"column":29},"end":{"line":13,"column":30}},"loc":{"start":{"line":13,"column":48},"end":{"line":13,"column":62}},"line":13},"5":{"name":"(anonymous_5)","decl":{"start":{"line":16,"column":44},"end":{"line":16,"column":45}},"loc":{"start":{"line":16,"column":51},"end":{"line":19,"column":1}},"line":16},"6":{"name":"(anonymous_6)","decl":{"start":{"line":17,"column":13},"end":{"line":17,"column":14}},"loc":{"start":{"line":17,"column":19},"end":{"line":17,"column":21}},"line":17},"7":{"name":"(anonymous_7)","decl":{"start":{"line":18,"column":29},"end":{"line":18,"column":30}},"loc":{"start":{"line":18,"column":48},"end":{"line":18,"column":62}},"line":18},"8":{"name":"(anonymous_8)","decl":{"start":{"line":21,"column":19},"end":{"line":21,"column":20}},"loc":{"start":{"line":21,"column":25},"end":{"line":21,"column":38}},"line":21}},"branchMap":{},"s":{"0":2,"1":0,"2":2,"3":0,"4":2,"5":0,"6":0,"7":2,"8":0,"9":0,"10":2,"11":0},"f":{"0":0,"1":0,"2":0,"3":0,"4":0,"5":0,"6":0,"7":0,"8":0},"b":{},"_coverageSchema":"332fd63041d2c1bcb487cc26dd0d5f7d97098a6c","hash":"14d2726a9fb3281f7f00357f62052942ebbe43f8"}
,"/Users/mobinni/Documents/projects/react-native-starter/src/core/app-state/app-state.reducers.js": {"path":"/Users/mobinni/Documents/projects/react-native-starter/src/core/app-state/app-state.reducers.js","statementMap":{"0":{"start":{"line":5,"column":21},"end":{"line":5,"column":25}},"1":{"start":{"line":7,"column":31},"end":{"line":15,"column":1}},"2":{"start":{"line":11,"column":2},"end":{"line":13,"column":3}},"3":{"start":{"line":12,"column":4},"end":{"line":12,"column":32}},"4":{"start":{"line":14,"column":2},"end":{"line":14,"column":15}}},"fnMap":{"0":{"name":"(anonymous_0)","decl":{"start":{"line":7,"column":31},"end":{"line":7,"column":32}},"loc":{"start":{"line":10,"column":14},"end":{"line":15,"column":1}},"line":10}},"branchMap":{"0":{"loc":{"start":{"line":8,"column":2},"end":{"line":8,"column":31}},"type":"default-arg","locations":[{"start":{"line":8,"column":19},"end":{"line":8,"column":31}}],"line":8},"1":{"loc":{"start":{"line":11,"column":2},"end":{"line":13,"column":3}},"type":"if","locations":[{"start":{"line":11,"column":2},"end":{"line":13,"column":3}},{"start":{"line":11,"column":2},"end":{"line":13,"column":3}}],"line":11}},"s":{"0":1,"1":1,"2":1,"3":1,"4":0},"f":{"0":1},"b":{"0":[0],"1":[1,0]},"_coverageSchema":"332fd63041d2c1bcb487cc26dd0d5f7d97098a6c","hash":"069f793ce95df09da612e6bc6db12b769a4c8c73"}
,"/Users/mobinni/Documents/projects/react-native-starter/src/core/app-state/app-state.types.js": {"path":"/Users/mobinni/Documents/projects/react-native-starter/src/core/app-state/app-state.types.js","statementMap":{"0":{"start":{"line":3,"column":24},"end":{"line":5,"column":14}}},"fnMap":{},"branchMap":{},"s":{"0":1},"f":{},"b":{},"_coverageSchema":"332fd63041d2c1bcb487cc26dd0d5f7d97098a6c","hash":"7d3f3aae8289908ef07dc8423ab3e7b05f85d191"}
,"/Users/mobinni/Documents/projects/react-native-starter/src/core/utils/action-helper.js": {"path":"/Users/mobinni/Documents/projects/react-native-starter/src/core/utils/action-helper.js","statementMap":{"0":{"start":{"line":9,"column":28},"end":{"line":13,"column":45}},"1":{"start":{"line":13,"column":21},"end":{"line":13,"column":44}},"2":{"start":{"line":15,"column":33},"end":{"line":25,"column":1}},"3":{"start":{"line":16,"column":14},"end":{"line":16,"column":16}},"4":{"start":{"line":17,"column":2},"end":{"line":23,"column":5}},"5":{"start":{"line":18,"column":4},"end":{"line":22,"column":5}},"6":{"start":{"line":19,"column":6},"end":{"line":19,"column":39}},"7":{"start":{"line":21,"column":6},"end":{"line":21,"column":26}},"8":{"start":{"line":24,"column":2},"end":{"line":24,"column":13}}},"fnMap":{"0":{"name":"(anonymous_0)","decl":{"start":{"line":9,"column":28},"end":{"line":9,"column":29}},"loc":{"start":{"line":13,"column":21},"end":{"line":13,"column":44}},"line":13},"1":{"name":"(anonymous_1)","decl":{"start":{"line":15,"column":33},"end":{"line":15,"column":34}},"loc":{"start":{"line":15,"column":77},"end":{"line":25,"column":1}},"line":15},"2":{"name":"(anonymous_2)","decl":{"start":{"line":17,"column":27},"end":{"line":17,"column":28}},"loc":{"start":{"line":17,"column":41},"end":{"line":23,"column":3}},"line":17}},"branchMap":{"0":{"loc":{"start":{"line":11,"column":2},"end":{"line":11,"column":19}},"type":"default-arg","locations":[{"start":{"line":11,"column":17},"end":{"line":11,"column":19}}],"line":11},"1":{"loc":{"start":{"line":12,"column":2},"end":{"line":12,"column":19}},"type":"default-arg","locations":[{"start":{"line":12,"column":17},"end":{"line":12,"column":19}}],"line":12},"2":{"loc":{"start":{"line":18,"column":4},"end":{"line":22,"column":5}},"type":"if","locations":[{"start":{"line":18,"column":4},"end":{"line":22,"column":5}},{"start":{"line":18,"column":4},"end":{"line":22,"column":5}}],"line":18}},"s":{"0":2,"1":3,"2":2,"3":1,"4":1,"5":1,"6":1,"7":0,"8":1},"f":{"0":3,"1":1,"2":1},"b":{"0":[1],"1":[2],"2":[1,0]},"_coverageSchema":"332fd63041d2c1bcb487cc26dd0d5f7d97098a6c","hash":"bd3ad51ca8ccd2a9e5b52b22b5982715e4602827"}
}
