TN:
SF:/Users/mobinni/Documents/projects/react-native-starter/jest-setup.js
FN:1,(anonymous_0)
FN:9,(anonymous_1)
FN:11,(anonymous_2)
FN:12,(anonymous_3)
FN:13,(anonymous_4)
FN:16,(anonymous_5)
FN:17,(anonymous_6)
FN:18,(anonymous_7)
FN:21,(anonymous_8)
FNF:9
FNH:0
FNDA:0,(anonymous_0)
FNDA:0,(anonymous_1)
FNDA:0,(anonymous_2)
FNDA:0,(anonymous_3)
FNDA:0,(anonymous_4)
FNDA:0,(anonymous_5)
FNDA:0,(anonymous_6)
FNDA:0,(anonymous_7)
FNDA:0,(anonymous_8)
DA:1,2
DA:9,2
DA:11,2
DA:13,0
DA:16,2
DA:18,0
DA:21,2
LF:7
LH:5
BRF:0
BRH:0
end_of_record
TN:
SF:/Users/mobinni/Documents/projects/react-native-starter/src/core/app-state/app-state.reducers.js
FN:7,(anonymous_0)
FNF:1
FNH:1
FNDA:1,(anonymous_0)
DA:5,1
DA:7,1
DA:11,1
DA:12,1
DA:14,0
LF:5
LH:4
BRDA:8,0,0,0
BRDA:11,1,0,1
BRDA:11,1,1,0
BRF:3
BRH:1
end_of_record
TN:
SF:/Users/mobinni/Documents/projects/react-native-starter/src/core/app-state/app-state.types.js
FNF:0
FNH:0
DA:3,1
LF:1
LH:1
BRF:0
BRH:0
end_of_record
TN:
SF:/Users/mobinni/Documents/projects/react-native-starter/src/core/utils/action-helper.js
FN:9,(anonymous_0)
FN:15,(anonymous_1)
FN:17,(anonymous_2)
FNF:3
FNH:3
FNDA:3,(anonymous_0)
FNDA:1,(anonymous_1)
FNDA:1,(anonymous_2)
DA:9,2
DA:13,3
DA:15,2
DA:16,1
DA:17,1
DA:18,1
DA:19,1
DA:21,0
DA:24,1
LF:9
LH:8
BRDA:11,0,0,1
BRDA:12,1,0,2
BRDA:18,2,0,1
BRDA:18,2,1,0
BRF:4
BRH:3
end_of_record
